<?xml version="1.0" encoding="UTF-8"?>
<!-- Generated by org.testng.reporters.JUnitReportReporter -->
<testsuite hostname="Acer-Aspire-E5" failures="0" tests="2" name="testing_journey.Ecommerce_Cart_WebView" time="42.318" errors="0" timestamp="2023-09-26T19:01:12 CEST" skipped="0">
  <testcase classname="testing_journey.Ecommerce_Cart_WebView" name="webViewValidation" time="20.759"/>
  <testcase classname="testing_journey.Ecommerce_Cart_WebView" name="webViewValidation" time="21.559"/>
</testsuite> <!-- testing_journey.Ecommerce_Cart_WebView -->
