<?xml version="1.0" encoding="UTF-8"?>
<!-- Generated by org.testng.reporters.JUnitReportReporter -->
<testsuite hostname="Acer-Aspire-E5" failures="0" tests="2" name="testing_journey.Ecommerce_Fill_Form" time="35.375" errors="0" timestamp="2023-09-24T17:03:11 CEST" skipped="0">
  <testcase classname="testing_journey.Ecommerce_Fill_Form" name="fillForm_ErrorValidation" time="13.387"/>
  <testcase classname="testing_journey.Ecommerce_Fill_Form" name="fillForm_PositiveFlow" time="21.988"/>
</testsuite> <!-- testing_journey.Ecommerce_Fill_Form -->
