<?xml version="1.0" encoding="UTF-8"?>
<!-- Generated by org.testng.reporters.JUnitReportReporter -->
<testsuite hostname="Acer-Aspire-E5" failures="0" tests="1" name="testing_journey.Ecommerce_WebView" time="26.598" errors="0" timestamp="2023-09-07T15:09:13 CEST" skipped="0">
  <testcase classname="testing_journey.Ecommerce_WebView" name="webViewValidation" time="26.598"/>
</testsuite> <!-- testing_journey.Ecommerce_WebView -->
